0	4	5	276	183	0	18	48	53	162	0	61	50	103	166	0	109	52	172	162	0	157	22	224	145	download-1.jpg
1	4	5	225	225	0	31	112	62	143	images-92.jpg
2	4	5	259	194	0	12	4	120	145	images-86.jpg
3	4	5	214	236	0	31	32	182	212	images-51.jpg
4	4	5	300	168	0	39	60	65	101	0	114	25	165	81	0	276	75	300	108	images-45.jpg
5	4	5	275	183	0	85	54	158	163	images-79.jpg
6	4	5	200	199	0	52	23	93	67	images-78.jpg
7	4	5	264	191	0	115	63	173	151	images-44.jpg
8	4	5	287	175	0	77	13	167	172	images-50.jpg
9	4	5	315	160	0	20	28	35	60	0	44	28	65	51	0	124	12	200	87	0	269	42	315	103	images-87.jpg
10	4	5	275	183	0	1	53	40	111	0	159	15	206	78	0	216	22	258	85	images-93.jpg
11	4	5	236	214	0	81	128	138	190	images-85.jpg
12	4	5	275	183	0	70	54	111	111	0	171	53	215	116	images-91.jpg
13	4	5	275	183	0	44	31	96	105	0	178	24	226	92	images-46.jpg
14	4	5	300	168	0	48	78	80	123	0	101	73	141	111	0	160	71	198	113	0	220	74	255	111	0	270	65	300	95	download-8.jpg
15	4	5	293	172	0	6	30	88	166	images-47.jpg
16	4	5	300	168	0	218	96	263	144	images-90.jpg
17	4	5	275	183	0	46	55	94	116	0	181	58	229	126	images-84.jpg
18	4	5	249	202	0	119	23	199	143	images-94.jpg
19	4	5	275	183	0	88	65	119	102	images-43.jpg
20	4	5	300	168	0	138	8	193	68	images-57.jpg
21	4	5	275	183	0	84	24	174	124	images-56.jpg
22	4	5	275	183	0	87	40	162	139	images-42.jpg
23	4	5	300	168	0	77	32	158	101	images-95.jpg
24	4	5	279	181	0	134	5	202	117	images-81.jpg
25	4	5	276	183	0	145	83	183	141	images-97.jpg
26	4	5	275	183	0	19	40	126	168	images-83.jpg
27	4	5	250	182	0	131	83	176	138	images-68.jpg
28	4	5	275	183	0	74	142	101	170	0	123	144	149	175	images-54.jpg
29	4	5	280	180	0	60	91	111	150	images-40.jpg
30	4	5	275	183	0	61	63	129	154	images-41.jpg
31	4	5	300	168	0	46	33	98	111	images-82.jpg
32	4	5	246	205	0	96	125	154	197	images-96.jpg
33	4	5	275	183	0	80	94	110	131	0	105	136	129	174	0	139	137	161	170	images-7.jpg
34	4	5	275	183	0	39	39	107	140	0	174	40	236	133	images-32.jpg
35	4	5	275	183	0	129	84	172	116	0	213	75	248	111	images-26.jpg
36	4	5	250	167	0	113	57	185	136	images-27.jpg
37	4	5	275	183	0	223	14	275	114	images-33.jpg
38	4	5	249	202	0	31	68	69	115	images-6.jpg
39	4	5	275	183	0	78	111	116	172	0	152	109	198	176	images-4.jpg
40	4	5	276	183	0	16	84	87	163	images-25.jpg
41	4	5	265	190	0	82	79	127	135	images-31.jpg
42	4	5	194	259	0	4	53	94	206	images-19.jpg
43	4	5	269	187	0	60	9	106	75	0	174	17	217	65	images-18.jpg
44	4	5	256	197	0	55	42	126	117	0	178	43	236	124	images-30.jpg
45	4	5	243	208	0	124	78	200	182	images-5.jpg
46	4	5	290	174	0	190	77	244	152	images-1.jpg
47	4	5	275	183	0	72	1	183	171	images-20.jpg
48	4	5	275	183	0	191	42	244	126	images-34.jpg
49	4	5	265	190	0	38	44	87	85	0	166	38	228	89	images-35.jpg
50	4	5	300	168	0	60	60	118	118	images-2.jpg
51	4	5	275	183	0	84	20	196	171	images-23.jpg
52	4	5	322	156	0	52	105	124	149	0	227	95	282	151	images-22.jpg
53	4	5	324	155	0	89	95	159	142	images-36.jpg
54	4	5	275	183	0	58	145	94	183	0	101	122	135	167	0	154	106	185	141	0	200	116	242	153	images-3.jpg
55	4	5	214	235	0	11	107	68	171	images-13.jpg
56	4	5	300	168	0	17	85	55	135	0	97	89	151	153	0	151	81	196	127	0	229	122	272	164	0	276	106	300	144	images-12.jpg
57	4	5	245	206	0	35	69	135	168	images-10.jpg
58	4	5	250	201	0	115	11	239	158	images-38.jpg
59	4	5	265	190	0	61	49	92	87	0	186	57	223	94	images-11.jpg
60	4	5	240	160	0	58	35	99	104	images-8.jpg
61	4	5	275	183	0	136	97	191	166	images-29.jpg
62	4	5	177	285	0	59	107	109	154	images-15.jpg
63	4	5	245	205	0	55	92	84	136	0	91	92	116	137	images-14.jpg
64	4	5	241	209	0	12	48	82	124	0	162	55	213	132	images-28.jpg
65	4	5	237	213	0	82	113	134	177	images-9.jpg
66	4	5	275	183	0	150	54	232	145	images-16.jpg
67	4	5	275	183	0	62	71	144	162	images-17.jpg
68	4	5	318	159	0	66	1	161	101	images-70.jpg
69	4	5	275	183	0	109	92	152	149	0	165	85	210	142	images-64.jpg
70	4	5	275	183	0	27	92	53	132	0	59	96	80	132	0	76	46	105	75	0	107	98	133	133	0	135	100	165	140	0	178	70	203	98	0	183	105	210	137	0	220	102	255	141	download-3.jpg
71	4	5	258	196	0	95	55	156	115	images-58.jpg
72	4	5	275	183	0	141	54	192	118	images-59.jpg
73	4	5	275	183	0	26	80	48	115	0	65	45	92	72	0	98	84	133	129	0	187	42	213	70	0	229	78	258	106	download-2.jpg
74	4	5	275	183	0	63	1	120	100	images-65.jpg
75	4	5	299	168	0	59	9	107	99	0	184	11	243	112	images-71.jpg
76	4	5	269	187	0	35	69	62	100	0	100	59	127	85	0	83	141	103	161	0	167	119	196	143	0	222	84	258	108	download-11.jpg
77	4	5	221	228	0	39	13	172	215	images-98.jpg
78	4	5	259	194	0	82	45	179	156	images-73.jpg
79	4	5	265	190	0	65	78	110	143	0	156	72	202	140	images-72.jpg
80	4	5	265	190	0	75	55	103	97	images-66.jpg
81	4	5	276	183	0	68	101	113	162	0	200	90	245	154	images-99.jpg
82	4	5	300	168	0	82	102	108	140	0	100	92	135	137	0	136	92	163	136	0	158	81	191	120	0	180	75	210	113	download-10.jpg
83	4	5	275	183	0	68	88	120	154	0	155	115	200	175	images-89.jpg
84	4	5	272	185	0	92	53	139	108	images-62.jpg
85	4	5	302	167	0	35	78	93	152	0	142	79	206	156	images-76.jpg
86	4	5	298	169	0	100	27	172	119	images-77.jpg
87	4	5	216	233	0	38	8	84	70	images-63.jpg
88	4	5	299	168	0	22	85	76	147	0	105	65	159	137	0	176	80	232	150	download-4.jpg
89	4	5	276	183	0	142	103	189	165	images.jpg
90	4	5	259	194	0	51	64	90	110	0	164	78	193	107	images-49.jpg
91	4	5	305	165	0	197	65	252	138	images-75.jpg
92	4	5	264	191	0	35	39	91	138	images-61.jpg
93	4	5	306	165	0	71	3	155	122	images-60.jpg
94	4	5	267	189	0	187	51	234	97	images-74.jpg
95	4	5	285	177	0	67	60	87	86	0	81	68	101	92	0	95	68	113	88	0	113	69	135	93	0	137	68	157	92	0	162	49	187	80	0	190	54	225	84	download-7.jpg
96	4	5	260	194	0	71	110	107	153	0	209	78	246	131	images-48.jpg
